[2026-01-30 06:36:50] Best match: emp=EMP047 dist=0.24606410339473
[2026-01-30 06:36:50] Unhandled exception verify: Unknown column 'method' in 'INSERT INTO'
#0 /home/hr3.viahale.com/public_html/admin/verify_attendance.php(180): mysqli->prepare()
#1 {main}
[2026-01-30 06:39:27] Best match: emp=EMP047 dist=0.24766541465237
[2026-01-30 06:39:27] Unhandled exception verify: Unknown column 'method' in 'INSERT INTO'
#0 /home/hr3.viahale.com/public_html/admin/verify_attendance.php(180): mysqli->prepare()
#1 {main}
[2026-01-30 06:45:54] Best match: emp=EMP047 dist=0.31059665056579
[2026-01-30 06:45:54] Unhandled exception verify: Unknown column 'method' in 'INSERT INTO'
#0 /home/hr3.viahale.com/public_html/admin/verify_attendance.php(180): mysqli->prepare()
#1 {main}
[2026-01-30 06:51:56] Best match: emp=EMP047 dist=0.23313798982245
[2026-01-30 06:51:56] Unhandled exception verify: Cannot add or update a child row: a foreign key constraint fails (`hr3_viahale`.`attendance`, CONSTRAINT `attendance_ibfk_1` FOREIGN KEY (`employee_id`) REFERENCES `employees` (`employee_id`))
#0 /home/hr3.viahale.com/public_html/admin/verify_attendance.php(170): mysqli_stmt->execute()
#1 {main}
[2026-01-30 06:54:30] Best match: emp=EMP047 dist=0.26246610139715
[2026-01-30 06:54:30] Unhandled exception verify: Cannot add or update a child row: a foreign key constraint fails (`hr3_viahale`.`attendance`, CONSTRAINT `attendance_ibfk_1` FOREIGN KEY (`employee_id`) REFERENCES `employees` (`employee_id`))
#0 /home/hr3.viahale.com/public_html/admin/verify_attendance.php(170): mysqli_stmt->execute()
#1 {main}
[2026-01-30 07:07:56] Best match: emp=EMP047 dist=0.24654605914311
[2026-01-30 07:08:22] Best match: emp=EMP047 dist=0.23617916859123
[2026-01-30 07:10:54] Best match: emp=EMP013 dist=0.27163228844109
[2026-01-30 07:13:41] Best match: emp=EMP047 dist=0.22777163166216
[2026-01-30 07:15:56] Best match: emp=EMP047 dist=0.33495656820235
[2026-01-30 07:18:42] Best match: emp=EMP013 dist=0.68233666578132
[2026-01-30 07:18:49] Best match: emp=EMP047 dist=0.24650027328829
[2026-01-30 07:19:28] Best match: emp=EMP013 dist=0.29888800708987
[2026-01-30 07:40:47] Best match: emp=EMP047 dist=0.22528467012936
[2026-01-30 07:40:47] Shift check failed: no shift assigned for emp=EMP047 (db_id=7) on 2026-01-30
[2026-01-30 07:41:07] Best match: emp=EMP047 dist=0.22488272874407
[2026-01-30 07:41:07] Shift check failed: no shift assigned for emp=EMP047 (db_id=7) on 2026-01-30
[2026-01-30 07:45:49] Best match: emp=EMP047 dist=0.30551230617629
[2026-01-30 07:45:49] Shift check failed: no shift assigned for emp=EMP047 (db_id=7) on 2026-01-30
[2026-01-30 07:48:15] Best match: emp=EMP013 dist=0.50877839088328
[2026-01-30 07:49:31] Best match: emp=EMP047 dist=0.2304748756246
[2026-01-30 07:49:31] Clock Out outside permitted window for emp=EMP047: now=2026-01-30 07:49:31 allowed=2026-01-30 23:00:00..2026-01-31 02:00:00
[2026-01-30 07:52:23] Best match: emp=EMP010 dist=0.26632393751092
[2026-01-30 07:52:23] Shift check failed: no relevant shift for emp=EMP010 (db_id=3) now=2026-01-30 07:52:23
[2026-01-30 07:52:57] Best match: emp=EMP010 dist=0.30657869170104
[2026-01-30 07:52:57] Clock In outside permitted window for emp=EMP010: now=2026-01-30 07:52:57 allowed=2026-01-30 15:45:00..2026-01-30 17:00:00
[2026-01-30 07:53:26] Best match: emp=EMP010 dist=0.25126158375078
[2026-01-30 07:53:26] Clock In outside permitted window for emp=EMP010: now=2026-01-30 07:53:26 allowed=2026-01-30 15:45:00..2026-01-30 17:00:00
[2026-01-30 07:59:11] Best match: emp=EMP013 dist=0.71725894825836
[2026-01-30 07:59:14] Best match: emp=EMP047 dist=0.26129136467592
[2026-01-30 07:59:14] Clock Out outside permitted window for emp=EMP047: now=2026-01-30 07:59:14 allowed=2026-01-30 23:00:00..2026-01-31 02:00:00
[2026-01-30 07:59:19] Best match: emp=EMP047 dist=0.25509363802931
[2026-01-30 07:59:19] Clock Out outside permitted window for emp=EMP047: now=2026-01-30 07:59:19 allowed=2026-01-30 23:00:00..2026-01-31 02:00:00
[2026-01-30 08:00:19] Best match: emp=EMP013 dist=0.66311517332316
[2026-01-30 08:00:22] Best match: emp=EMP047 dist=0.23833776061171
[2026-01-30 08:00:22] Clock Out outside permitted window for emp=EMP047: now=2026-01-30 08:00:22 allowed=2026-01-30 23:00:00..2026-01-31 02:00:00
[2026-01-30 08:00:35] Best match: emp=EMP047 dist=0.2585543024718
[2026-01-30 08:00:35] Clock Out outside permitted window for emp=EMP047: now=2026-01-30 08:00:35 allowed=2026-01-30 23:00:00..2026-01-31 02:00:00
[2026-01-30 08:00:38] Best match: emp=EMP047 dist=0.23187539290536
[2026-01-30 08:00:38] Clock Out outside permitted window for emp=EMP047: now=2026-01-30 08:00:38 allowed=2026-01-30 23:00:00..2026-01-31 02:00:00
[2026-01-30 08:00:52] Best match: emp=EMP047 dist=0.2223875924871
[2026-01-30 08:00:52] Clock Out outside permitted window for emp=EMP047: now=2026-01-30 08:00:52 allowed=2026-01-30 23:00:00..2026-01-31 02:00:00
[2026-01-30 08:01:24] Best match: emp=EMP047 dist=0.22313602000709
[2026-01-30 08:01:24] Clock Out outside permitted window for emp=EMP047: now=2026-01-30 08:01:24 allowed=2026-01-30 23:00:00..2026-01-31 02:00:00
[2026-01-30 08:03:56] Best match: emp=EMP047 dist=0.21566345556226
[2026-01-30 08:03:56] Clock Out outside permitted window for emp=EMP047: now=2026-01-30 08:03:56 allowed=2026-01-30 23:00:00..2026-01-31 02:00:00
[2026-01-30 08:06:18] Best match: emp=EMP047 dist=0.20727187121654
[2026-01-30 08:06:18] Clock Out outside permitted window for emp=EMP047: now=2026-01-30 08:06:18 allowed=2026-01-30 23:00:00..2026-01-31 02:00:00
[2026-01-30 08:06:21] Best match: emp=EMP047 dist=0.19112846563565
[2026-01-30 08:06:21] Clock Out outside permitted window for emp=EMP047: now=2026-01-30 08:06:21 allowed=2026-01-30 23:00:00..2026-01-31 02:00:00
[2026-01-30 08:08:14] Best match: emp=EMP047 dist=0.2333926733972
[2026-01-30 08:08:14] Clock Out outside permitted window for emp=EMP047: now=2026-01-30 08:08:14 allowed=2026-01-30 23:00:00..2026-01-31 02:00:00
[2026-01-30 08:09:13] Best match: emp=EMP010 dist=0.24514389039684
[2026-01-30 08:09:13] Clock In outside permitted window for emp=EMP010: now=2026-01-30 08:09:13 allowed=2026-01-30 15:45:00..2026-01-30 17:00:00
[2026-02-04 05:19:28] Best match: emp=EMP047 dist=0.44471493373091
[2026-02-04 05:19:28] Shift check failed: no relevant shift for emp=EMP047 (db_id=7) now=2026-02-04 05:19:28
[2026-02-04 05:19:28] Best match: emp=EMP047 dist=0.42478990633377
[2026-02-04 05:19:28] Shift check failed: no relevant shift for emp=EMP047 (db_id=7) now=2026-02-04 05:19:28
[2026-02-04 05:21:37] Best match: emp=EMP047 dist=0.33487907267431
[2026-02-04 05:21:37] Shift check failed: no relevant shift for emp=EMP047 (db_id=7) now=2026-02-04 05:21:37
[2026-02-04 05:40:12] Best match: emp=EMP047 dist=0.28625426687002
[2026-02-04 05:40:12] Shift check failed: no relevant shift for emp=EMP047 (db_id=7) now=2026-02-04 05:40:12
[2026-02-04 05:42:53] Best match: emp=EMP047 dist=0.34040634750592
[2026-02-04 05:42:53] Shift check failed: no relevant shift for emp=EMP047 (db_id=7) now=2026-02-04 05:42:53
[2026-02-04 05:58:00] Best match: emp=EMP047 dist=0.27839223365825
[2026-02-04 05:58:00] Shift check failed: no relevant shift for emp=EMP047 (db_id=7) now=2026-02-04 05:58:00
[2026-02-04 05:58:27] Best match: emp=EMP047 dist=0.37155171752552
[2026-02-04 05:58:27] Clock In outside permitted window for emp=EMP047: now=2026-02-04 05:58:27 allowed=2026-02-04 07:45:00..2026-02-04 18:00:00
[2026-02-04 05:59:06] Best match: emp=EMP047 dist=0.34474096790791
[2026-02-04 05:59:06] Clock In outside permitted window for emp=EMP047: now=2026-02-04 05:59:06 allowed=2026-02-04 15:45:00..2026-02-05 02:00:00
[2026-02-04 05:59:21] Best match: emp=EMP047 dist=0.34084067922287
[2026-02-04 05:59:21] Clock In outside permitted window for emp=EMP047: now=2026-02-04 05:59:21 allowed=2026-02-04 15:45:00..2026-02-05 02:00:00
[2026-02-04 06:00:04] Best match: emp=EMP047 dist=0.31751263413047
[2026-02-04 06:00:04] Clock In outside permitted window for emp=EMP047: now=2026-02-04 06:00:04 allowed=2026-02-04 15:45:00..2026-02-05 02:00:00
[2026-02-04 06:02:27] Best match: emp=EMP013 dist=0.23422799001176
[2026-02-04 06:02:27] Clock In outside permitted window for emp=EMP013: now=2026-02-04 06:02:27 allowed=2026-02-04 15:45:00..2026-02-05 02:00:00
[2026-02-04 06:23:35] Best match: emp=EMP013 dist=0.27130317232874
[2026-02-04 06:23:35] Failed to parse shift times st=14:00:00 en=00:00:00 for 2026-02-04
[2026-02-04 06:26:35] Best match: emp=EMP013 dist=0.28878044853368
[2026-02-04 06:26:35] Clock In outside permitted window for emp=EMP013: now=2026-02-04 06:26:35 allowed=2026-02-04 13:45:00..2026-02-05 02:00:00
[2026-02-04 06:28:14] Best match: emp=EMP013 dist=0.23407084164557
[2026-02-04 06:28:14] Clock In outside permitted window for emp=EMP013: now=2026-02-04 06:28:14 allowed=2026-02-04 13:45:00..2026-02-05 02:00:00
[2026-02-04 07:15:09] Best match: emp=EMP007 dist=0.38240455909752
[2026-02-04 07:15:09] Clock In outside permitted window for emp=EMP007: now=2026-02-04 07:15:09 allowed=2026-02-04 07:45:00..2026-02-04 18:00:00
[2026-02-04 07:15:09] Best match: emp=EMP007 dist=0.3309249254016
[2026-02-04 07:15:09] Clock In outside permitted window for emp=EMP007: now=2026-02-04 07:15:09 allowed=2026-02-04 07:45:00..2026-02-04 18:00:00
[2026-02-04 07:17:06] Best match: emp=EMP013 dist=0.30295453934706
[2026-02-04 07:17:06] Clock In outside permitted window for emp=EMP013: now=2026-02-04 07:17:06 allowed=2026-02-04 15:15:00..2026-02-05 02:00:00
[2026-02-04 07:31:08] Best match: emp=EMP013 dist=0.23130675599933
[2026-02-04 07:31:08] Clock In outside permitted window for emp=EMP013: now=2026-02-04 07:31:08 allowed=2026-02-04 15:15:00..2026-02-05 02:00:00
[2026-02-04 07:36:59] Unhandled exception verify: Unknown column 'face_template' in 'SELECT'
#0 /home/hr3.viahale.com/public_html/admin/verify_attendance.php(78): mysqli->query()
#1 {main}
[2026-02-04 07:39:17] Unhandled exception verify: Unknown column 'face_template' in 'SELECT'
#0 /home/hr3.viahale.com/public_html/admin/verify_attendance.php(73): mysqli->query()
#1 {main}
[2026-02-04 07:40:11] Unhandled exception verify: Unknown column 'face_template' in 'SELECT'
#0 /home/hr3.viahale.com/public_html/admin/verify_attendance.php(73): mysqli->query()
#1 {main}
[2026-02-04 07:50:16] Unhandled exception verify: Unknown column 'face_template' in 'SELECT'
#0 /home/hr3.viahale.com/public_html/admin/verify_attendance.php(73): mysqli->query()
#1 {main}
[2026-02-04 10:36:44] Unhandled exception verify: Unknown column 'face_template' in 'SELECT'
#0 /home/hr3.viahale.com/public_html/admin/verify_attendance.php(73): mysqli->query()
#1 {main}
[2026-02-04 10:38:06] Unhandled exception verify: Unknown column 'face_template' in 'SELECT'
#0 /home/hr3.viahale.com/public_html/admin/verify_attendance.php(73): mysqli->query()
#1 {main}
[2026-02-04 11:01:12] Best match: emp=EMP013 dist=0.37878497636601
[2026-02-04 11:01:12] Clock In outside permitted window for emp=EMP013: now=2026-02-04 11:01:12 allowed=2026-02-04 15:15:00..2026-02-04 16:30:00
[2026-02-04 11:06:30] Best match: emp=EMP013 dist=0.35884287853122
[2026-02-04 11:06:30] Clock In outside permitted window for emp=EMP013: now=2026-02-04 11:06:30 allowed=2026-02-04 15:15:00..2026-02-04 16:30:00
[2026-02-04 11:07:23] Best match: emp=EMP013 dist=0.35746028244305
[2026-02-04 11:07:23] Clock In outside permitted window for emp=EMP013: now=2026-02-04 11:07:23 allowed=2026-02-04 18:55:00..2026-02-04 20:10:00
[2026-02-04 11:13:26] Best match: emp=EMP013 dist=0.35371631298193
[2026-02-04 11:13:26] Clock In outside permitted window for emp=EMP013: now=2026-02-04 11:13:26 allowed=2026-02-04 18:55:00..2026-02-04 20:10:00
[2026-02-04 12:22:07] Best match: emp=EMP013 dist=0.32687281321721
[2026-02-04 12:22:07] Unhandled exception: mysqli_stmt::bind_param(): Argument #5 cannot be passed by reference
#0 {main}
[2026-02-04 12:56:28] Best match: emp=EMP013 dist=0.31168062052465
[2026-02-04 12:56:28] Unhandled exception: mysqli_stmt::bind_param(): Argument #5 cannot be passed by reference
#0 {main}
[2026-02-04 12:57:57] Best match: emp=EMP013 dist=0.33741115062381
[2026-02-04 12:57:57] Unhandled exception: mysqli_stmt::bind_param(): Argument #5 cannot be passed by reference
#0 {main}
[2026-02-04 12:57:59] Best match: emp=EMP013 dist=0.33248523972658
[2026-02-04 12:57:59] Unhandled exception: mysqli_stmt::bind_param(): Argument #5 cannot be passed by reference
#0 {main}
[2026-02-04 12:58:07] Best match: emp=EMP013 dist=0.32987943966217
[2026-02-04 12:58:07] Unhandled exception: mysqli_stmt::bind_param(): Argument #5 cannot be passed by reference
#0 {main}
[2026-02-04 13:18:36] Best match: emp=EMP047 dist=0.31708194325097
[2026-02-04 13:22:49] Best match: emp=EMP013 dist=0.30973813888027
[2026-02-04 13:25:48] Best match: emp=EMP013 dist=0.32771198934375
[2026-02-04 13:34:06] Best match: emp=EMP013 dist=0.31579576633312
[2026-02-04 13:37:41] Best match: emp=EMP013 dist=0.33792850565654
[2026-02-04 13:38:42] Best match: emp=EMP047 dist=0.38065046806831
[2026-02-04 13:43:40] Best match: emp=EMP013 dist=0.32470137470368
[2026-02-04 13:44:00] Bad input: 
[2026-02-04 13:45:47] Best match: emp=EMP013 dist=0.35238257860583
[2026-02-04 13:57:06] Best match: emp=EMP013 dist=0.3093215772934
[2026-02-04 13:57:21] Best match: emp=EMP047 dist=0.30281508267949
[2026-02-04 13:57:34] Best match: emp=EMP047 dist=0.32713022312826
[2026-02-04 13:57:41] Best match: emp=EMP013 dist=0.3332020514041
[2026-02-04 13:58:50] Best match: emp=EMP047 dist=0.33819684492992
[2026-02-04 13:59:06] Best match: emp=EMP013 dist=0.32591956036201
[2026-02-04 13:59:09] Best match: emp=EMP013 dist=0.30260297656792
[2026-02-04 13:59:13] Best match: emp=EMP013 dist=0.31287479353299
[2026-02-04 13:59:18] Best match: emp=EMP013 dist=0.2882802963019
[2026-02-04 14:17:31] Best match: emp=EMP013 dist=0.35048483729127 second_dist=0.37127002764328
[2026-02-04 14:17:31] Ambiguous match: best=EMP013 dist=0.35048483729127 second_dist=0.37127002764328
[2026-02-04 14:17:38] Best match: emp=EMP013 dist=0.33750927082251 second_dist=0.36489710119826
[2026-02-04 14:17:38] Ambiguous match: best=EMP013 dist=0.33750927082251 second_dist=0.36489710119826
[2026-02-04 14:17:53] Best match: emp=EMP013 dist=0.34766881607288 second_dist=0.41946179341634
[2026-02-04 14:17:53] Ambiguous match: best=EMP013 dist=0.34766881607288 second_dist=0.41946179341634
[2026-02-04 14:18:05] Best match: emp=EMP013 dist=0.37744663211192 second_dist=0.38869075194878
[2026-02-04 14:18:05] Ambiguous match: best=EMP013 dist=0.37744663211192 second_dist=0.38869075194878
[2026-02-04 14:18:12] Best match: emp=EMP013 dist=0.36619304032652 second_dist=0.41152112747587
[2026-02-04 14:18:12] Ambiguous match: best=EMP013 dist=0.36619304032652 second_dist=0.41152112747587
[2026-02-04 14:18:14] Best match: emp=EMP013 dist=0.35816358699425 second_dist=0.36482030955142
[2026-02-04 14:18:14] Ambiguous match: best=EMP013 dist=0.35816358699425 second_dist=0.36482030955142
[2026-02-04 14:20:45] Best match: emp=EMP013 dist=0.35818745713007 second_dist=0.37697008564712
[2026-02-04 14:20:45] Ambiguous match: best=EMP013 dist=0.35818745713007 second_dist=0.37697008564712
[2026-02-04 14:24:59] Best match: emp=EMP004 dist=0.27583678010791 second_dist=0.5567119453911
[2026-02-04 14:38:33] Best match: emp=EMP013 dist=0.35331423815257 second_dist=0.3742496241855
[2026-02-04 14:38:33] Ambiguous match: best=EMP013 dist=0.35331423815257 second_dist=0.3742496241855
[2026-02-04 14:38:44] Best match: emp=EMP013 dist=0.33869606678126 second_dist=0.41155210017269
[2026-02-04 14:38:44] Ambiguous match: best=EMP013 dist=0.33869606678126 second_dist=0.41155210017269
[2026-02-04 14:39:35] Best match: emp=EMP004 dist=0.28649560626128 second_dist=0.6152936745646
[2026-02-04 14:42:45] Best match: emp=EMP013 dist=0.32500323040031 second_dist=0.3771130046113
[2026-02-04 14:42:45] Ambiguous match: best=EMP013 dist=0.32500323040031 second_dist=0.3771130046113
[2026-02-04 14:43:33] Best match: emp=EMP004 dist=0.32411843228257 second_dist=0.5898425538949
[2026-02-04 14:49:00] Best match: emp=EMP013 dist=0.35253339890028 second_dist=0.3548019306007
[2026-02-04 14:49:00] Ambiguous match: best=EMP013 dist=0.35253339890028 second_dist=0.3548019306007
[2026-02-04 14:55:13] Best match: emp=EMP013 dist=0.33608689063226 second_dist=0.39413420015963
[2026-02-04 14:55:13] Ambiguous match: best=EMP013 dist=0.33608689063226 second_dist=0.39413420015963
[2026-02-04 14:55:16] Best match: emp=EMP047 dist=0.2836939547811 second_dist=0.35845917235643
[2026-02-04 14:55:16] Ambiguous match: best=EMP047 dist=0.2836939547811 second_dist=0.35845917235643
[2026-02-04 14:56:19] Best match: emp=EMP013 dist=0.31513817017586 second_dist=0.34039370108929
[2026-02-04 14:56:19] Ambiguous match: best=EMP013 dist=0.31513817017586 second_dist=0.34039370108929
[2026-02-04 14:56:22] Best match: emp=EMP047 dist=0.34510233901905 second_dist=0.34662677123527
[2026-02-04 14:56:22] Ambiguous match: best=EMP047 dist=0.34510233901905 second_dist=0.34662677123527
[2026-02-04 14:58:43] Best match: emp=EMP047 dist=0.32952471252651 second_dist=0.34467079257839
[2026-02-04 14:58:43] Ambiguous match: best=EMP047 dist=0.32952471252651 second_dist=0.34467079257839
[2026-02-04 20:06:34] Best match: emp=EMP047 dist=0.32187803247602 second_dist=0.37745901411968
[2026-02-04 20:06:34] Ambiguous match: best=EMP047 dist=0.32187803247602 second_dist=0.37745901411968
[2026-02-06 16:11:27] Best match: emp=EMP015 dist=0.26165628509486 second_dist=0.60932046051365
[2026-02-06 16:11:27] Shift check failed: no relevant shift for emp=EMP015 (db_id=2) now=2026-02-06 16:11:27
[2026-02-06 16:11:43] Best match: emp=EMP015 dist=0.25834902340234 second_dist=0.59991087329781
[2026-02-06 16:11:43] Shift check failed: no relevant shift for emp=EMP015 (db_id=2) now=2026-02-06 16:11:43
[2026-02-06 16:11:52] Best match: emp=EMP015 dist=0.26729257198646 second_dist=0.5995705252568
[2026-02-06 16:11:52] Shift check failed: no relevant shift for emp=EMP015 (db_id=2) now=2026-02-06 16:11:52
[2026-02-06 16:12:29] Best match: emp=EMP015 dist=0.25334214596678 second_dist=0.6342407908125
[2026-02-06 16:12:29] Shift check failed: no relevant shift for emp=EMP015 (db_id=2) now=2026-02-06 16:12:29
[2026-02-06 16:12:52] Best match: emp=EMP047 dist=0.37134712697835 second_dist=0.40336309804592
[2026-02-06 16:12:52] Ambiguous match: best=EMP047 dist=0.37134712697835 second_dist=0.40336309804592
[2026-02-06 16:13:57] Best match: emp=EMP015 dist=0.31560889095798 second_dist=0.59945768327233
[2026-02-06 16:13:57] Shift check failed: no relevant shift for emp=EMP015 (db_id=2) now=2026-02-06 16:13:57
[2026-02-06 16:18:39] Best match: emp=EMP013 dist=0.5103643299838 second_dist=0.57730508925695
[2026-02-06 16:18:39] Ambiguous match: best=EMP013 dist=0.5103643299838 second_dist=0.57730508925695
[2026-02-06 16:19:44] Best match: emp=EMP047 dist=0.29500070884055 second_dist=0.36399479699206
[2026-02-06 16:19:44] Ambiguous match: best=EMP047 dist=0.29500070884055 second_dist=0.36399479699206
[2026-02-06 16:24:48] Best match: emp=EMP047 dist=0.28693185639839 second_dist=0.37811054029931
[2026-02-06 16:24:48] Shift check failed: no relevant shift for emp=EMP047 (db_id=7) now=2026-02-06 16:24:48
[2026-02-06 16:24:51] Best match: emp=EMP047 dist=0.2996351740256 second_dist=0.37561078379871
[2026-02-06 16:24:51] Ambiguous match: best=EMP047 dist=0.2996351740256 second_dist=0.37561078379871
[2026-02-06 16:24:53] Best match: emp=EMP047 dist=0.28250606930976 second_dist=0.38653348294008
[2026-02-06 16:24:53] Shift check failed: no relevant shift for emp=EMP047 (db_id=7) now=2026-02-06 16:24:53
[2026-02-06 16:24:57] Best match: emp=EMP047 dist=0.33729754390451 second_dist=0.35437126913576
[2026-02-06 16:24:57] Ambiguous match: best=EMP047 dist=0.33729754390451 second_dist=0.35437126913576
[2026-02-06 16:26:04] Best match: emp=EMP047 dist=0.3474235963434 second_dist=0.37384356761856
[2026-02-06 16:26:04] Ambiguous match: best=EMP047 dist=0.3474235963434 second_dist=0.37384356761856
[2026-02-06 16:33:07] verify debug probe_len=128 top_matches: [{"db_id":7,"employee_id":"EMP047","fullname":"Ethan Bailey","dist":0.29898358135484926},{"db_id":5,"employee_id":"EMP013","fullname":"William Scott","dist":0.4040274334601873},{"db_id":3,"employee_id":"EMP010","fullname":"Amy Clark","dist":0.5517241096365576},{"db_id":1,"employee_id":"EMP004","fullname":"Emily Davis","dist":0.5882106245859883},{"db_id":2,"employee_id":"EMP015","fullname":"Daniela Young","dist":0.6178318213477403},{"db_id":4,"employee_id":"EMP007","fullname":"David Martinez","dist":0.6195902977359862}]
[2026-02-06 16:33:30] verify debug probe_len=128 top_matches: [{"db_id":2,"employee_id":"EMP015","fullname":"Daniela Young","dist":0.3579480793445882},{"db_id":5,"employee_id":"EMP013","fullname":"William Scott","dist":0.5839147358896078},{"db_id":4,"employee_id":"EMP007","fullname":"David Martinez","dist":0.6732535676923901},{"db_id":7,"employee_id":"EMP047","fullname":"Ethan Bailey","dist":0.679380485632946},{"db_id":1,"employee_id":"EMP004","fullname":"Emily Davis","dist":0.6929677385567057},{"db_id":3,"employee_id":"EMP010","fullname":"Amy Clark","dist":0.6999748147855251}]
[2026-02-06 16:33:38] verify debug probe_len=128 top_matches: [{"db_id":7,"employee_id":"EMP047","fullname":"Ethan Bailey","dist":0.2924607910964633},{"db_id":5,"employee_id":"EMP013","fullname":"William Scott","dist":0.4282982164242075},{"db_id":3,"employee_id":"EMP010","fullname":"Amy Clark","dist":0.5192757849164125},{"db_id":1,"employee_id":"EMP004","fullname":"Emily Davis","dist":0.599261435584782},{"db_id":4,"employee_id":"EMP007","fullname":"David Martinez","dist":0.6037724261092754},{"db_id":2,"employee_id":"EMP015","fullname":"Daniela Young","dist":0.6062232272231027}]
[2026-02-06 16:34:40] verify debug probe_len=128 top_matches: [{"db_id":5,"employee_id":"EMP013","fullname":"William Scott","dist":0.49743025687852904},{"db_id":7,"employee_id":"EMP047","fullname":"Ethan Bailey","dist":0.560643657185526},{"db_id":2,"employee_id":"EMP015","fullname":"Daniela Young","dist":0.5862451607788612},{"db_id":3,"employee_id":"EMP010","fullname":"Amy Clark","dist":0.6004685234645738},{"db_id":1,"employee_id":"EMP004","fullname":"Emily Davis","dist":0.6030431840563361},{"db_id":4,"employee_id":"EMP007","fullname":"David Martinez","dist":0.6304457199016889}]
[2026-02-06 16:34:40] Verification ambiguous: best=EMP013 dist=0.49743025687853 second_dist=0.56064365718553 margin=0.063213400306997
[2026-02-06 16:34:50] verify debug probe_len=128 top_matches: [{"db_id":7,"employee_id":"EMP047","fullname":"Ethan Bailey","dist":0.29617996329796625},{"db_id":5,"employee_id":"EMP013","fullname":"William Scott","dist":0.42846308979107317},{"db_id":3,"employee_id":"EMP010","fullname":"Amy Clark","dist":0.5661656301821716},{"db_id":2,"employee_id":"EMP015","fullname":"Daniela Young","dist":0.6149197455233077},{"db_id":4,"employee_id":"EMP007","fullname":"David Martinez","dist":0.615774620183079},{"db_id":1,"employee_id":"EMP004","fullname":"Emily Davis","dist":0.6246110314467189}]
[2026-02-06 16:52:24] verify debug top: [{"db_id":"7","employee_id":"EMP047","fullname":"Ethan Bailey","dist":0.3169018813758172},{"db_id":"5","employee_id":"EMP013","fullname":"William Scott","dist":0.39079932753089414},{"db_id":"3","employee_id":"EMP010","fullname":"Amy Clark","dist":0.5257546237250036},{"db_id":"1","employee_id":"EMP004","fullname":"Emily Davis","dist":0.5903881996098574},{"db_id":"4","employee_id":"EMP007","fullname":"David Martinez","dist":0.6018430707508594},{"db_id":"2","employee_id":"EMP015","fullname":"Daniela Young","dist":0.6080378961396504}]
[2026-02-06 16:52:24] Ambiguous: best=EMP047 dist=0.31690188137582 second_dist=0.39079932753089
[2026-02-06 16:52:29] verify debug top: [{"db_id":"7","employee_id":"EMP047","fullname":"Ethan Bailey","dist":0.3282899873505509},{"db_id":"5","employee_id":"EMP013","fullname":"William Scott","dist":0.4291860628626091},{"db_id":"3","employee_id":"EMP010","fullname":"Amy Clark","dist":0.5505859821955429},{"db_id":"1","employee_id":"EMP004","fullname":"Emily Davis","dist":0.613261165540476},{"db_id":"2","employee_id":"EMP015","fullname":"Daniela Young","dist":0.6275757740889928},{"db_id":"4","employee_id":"EMP007","fullname":"David Martinez","dist":0.6513954422089383}]
[2026-02-06 16:52:32] verify debug top: [{"db_id":"7","employee_id":"EMP047","fullname":"Ethan Bailey","dist":0.28883347915481766},{"db_id":"5","employee_id":"EMP013","fullname":"William Scott","dist":0.4095799934810157},{"db_id":"3","employee_id":"EMP010","fullname":"Amy Clark","dist":0.5296860004004741},{"db_id":"1","employee_id":"EMP004","fullname":"Emily Davis","dist":0.6039070522040797},{"db_id":"2","employee_id":"EMP015","fullname":"Daniela Young","dist":0.6131049244496163},{"db_id":"4","employee_id":"EMP007","fullname":"David Martinez","dist":0.6454732241156869}]
[2026-02-06 16:52:35] verify debug top: [{"db_id":"7","employee_id":"EMP047","fullname":"Ethan Bailey","dist":0.3313240092512879},{"db_id":"5","employee_id":"EMP013","fullname":"William Scott","dist":0.4069519633342424},{"db_id":"3","employee_id":"EMP010","fullname":"Amy Clark","dist":0.5498068970533276},{"db_id":"1","employee_id":"EMP004","fullname":"Emily Davis","dist":0.6007398719646612},{"db_id":"2","employee_id":"EMP015","fullname":"Daniela Young","dist":0.60745544924799},{"db_id":"4","employee_id":"EMP007","fullname":"David Martinez","dist":0.6118436142653125}]
[2026-02-06 16:52:35] Ambiguous: best=EMP047 dist=0.33132400925129 second_dist=0.40695196333424
[2026-02-06 16:52:37] verify debug top: [{"db_id":"7","employee_id":"EMP047","fullname":"Ethan Bailey","dist":0.32847597905914616},{"db_id":"5","employee_id":"EMP013","fullname":"William Scott","dist":0.38709953595815244},{"db_id":"3","employee_id":"EMP010","fullname":"Amy Clark","dist":0.5188627633094248},{"db_id":"1","employee_id":"EMP004","fullname":"Emily Davis","dist":0.5787766541526868},{"db_id":"2","employee_id":"EMP015","fullname":"Daniela Young","dist":0.593916801503469},{"db_id":"4","employee_id":"EMP007","fullname":"David Martinez","dist":0.5984868864032311}]
[2026-02-06 16:52:37] Ambiguous: best=EMP047 dist=0.32847597905915 second_dist=0.38709953595815
[2026-02-06 16:52:38] verify debug top: [{"db_id":"7","employee_id":"EMP047","fullname":"Ethan Bailey","dist":0.33499833316967265},{"db_id":"5","employee_id":"EMP013","fullname":"William Scott","dist":0.4003495529211515},{"db_id":"3","employee_id":"EMP010","fullname":"Amy Clark","dist":0.5100254323913496},{"db_id":"1","employee_id":"EMP004","fullname":"Emily Davis","dist":0.5732961254475055},{"db_id":"2","employee_id":"EMP015","fullname":"Daniela Young","dist":0.5868093038692952},{"db_id":"4","employee_id":"EMP007","fullname":"David Martinez","dist":0.589035143393286}]
[2026-02-06 16:52:38] Ambiguous: best=EMP047 dist=0.33499833316967 second_dist=0.40034955292115
[2026-02-06 16:52:40] verify debug top: [{"db_id":"7","employee_id":"EMP047","fullname":"Ethan Bailey","dist":0.36229101964815585},{"db_id":"5","employee_id":"EMP013","fullname":"William Scott","dist":0.4017233079210595},{"db_id":"3","employee_id":"EMP010","fullname":"Amy Clark","dist":0.5552563731567887},{"db_id":"1","employee_id":"EMP004","fullname":"Emily Davis","dist":0.5927515647754307},{"db_id":"2","employee_id":"EMP015","fullname":"Daniela Young","dist":0.5960824073410512},{"db_id":"4","employee_id":"EMP007","fullname":"David Martinez","dist":0.6126221235640651}]
[2026-02-06 16:52:40] Ambiguous: best=EMP047 dist=0.36229101964816 second_dist=0.40172330792106
[2026-02-06 16:52:41] verify debug top: [{"db_id":"7","employee_id":"EMP047","fullname":"Ethan Bailey","dist":0.3624042124010678},{"db_id":"5","employee_id":"EMP013","fullname":"William Scott","dist":0.40467834023651594},{"db_id":"3","employee_id":"EMP010","fullname":"Amy Clark","dist":0.5344353537151522},{"db_id":"4","employee_id":"EMP007","fullname":"David Martinez","dist":0.5744652722503524},{"db_id":"1","employee_id":"EMP004","fullname":"Emily Davis","dist":0.5800059749811833},{"db_id":"2","employee_id":"EMP015","fullname":"Daniela Young","dist":0.6005736194096366}]
[2026-02-06 16:52:41] Ambiguous: best=EMP047 dist=0.36240421240107 second_dist=0.40467834023652
[2026-02-06 16:52:42] verify debug top: [{"db_id":"7","employee_id":"EMP047","fullname":"Ethan Bailey","dist":0.3571706753404011},{"db_id":"5","employee_id":"EMP013","fullname":"William Scott","dist":0.4009813170530511},{"db_id":"3","employee_id":"EMP010","fullname":"Amy Clark","dist":0.5422652533305166},{"db_id":"1","employee_id":"EMP004","fullname":"Emily Davis","dist":0.5849018550689964},{"db_id":"4","employee_id":"EMP007","fullname":"David Martinez","dist":0.5916658856271778},{"db_id":"2","employee_id":"EMP015","fullname":"Daniela Young","dist":0.5965378828065041}]
[2026-02-06 16:52:42] Ambiguous: best=EMP047 dist=0.3571706753404 second_dist=0.40098131705305
[2026-02-06 16:53:26] verify debug top: [{"db_id":"7","employee_id":"EMP047","fullname":"Ethan Bailey","dist":0.36430238701540935},{"db_id":"5","employee_id":"EMP013","fullname":"William Scott","dist":0.42948677854209705},{"db_id":"3","employee_id":"EMP010","fullname":"Amy Clark","dist":0.5874438562442117},{"db_id":"2","employee_id":"EMP015","fullname":"Daniela Young","dist":0.6176075256252263},{"db_id":"4","employee_id":"EMP007","fullname":"David Martinez","dist":0.6225830985144041},{"db_id":"1","employee_id":"EMP004","fullname":"Emily Davis","dist":0.6267137932921195}]
[2026-02-06 16:53:26] Ambiguous: best=EMP047 dist=0.36430238701541 second_dist=0.4294867785421
[2026-02-06 17:23:03] Top matches: [{"dist":0.29944237248102035,"employee_id":"EMP047","fullname":"Ethan Bailey","db_id":"7"},{"dist":0.3983284710434319,"employee_id":"EMP013","fullname":"William Scott","db_id":"5"},{"dist":0.5349364507602818,"employee_id":"EMP010","fullname":"Amy Clark","db_id":"3"},{"dist":0.5905925528150409,"employee_id":"EMP004","fullname":"Emily Davis","db_id":"1"},{"dist":0.6069356057242468,"employee_id":"EMP007","fullname":"David Martinez","db_id":"4"},{"dist":0.6122380028070641,"employee_id":"EMP015","fullname":"Daniela Young","db_id":"2"}]
[2026-02-06 17:23:44] Top matches: [{"dist":0.30526394529189305,"employee_id":"EMP047","fullname":"Ethan Bailey","db_id":"7"},{"dist":0.4010749554761547,"employee_id":"EMP013","fullname":"William Scott","db_id":"5"},{"dist":0.520615253664799,"employee_id":"EMP010","fullname":"Amy Clark","db_id":"3"},{"dist":0.5848571523574353,"employee_id":"EMP004","fullname":"Emily Davis","db_id":"1"},{"dist":0.5933250295360158,"employee_id":"EMP007","fullname":"David Martinez","db_id":"4"},{"dist":0.6068350438432533,"employee_id":"EMP015","fullname":"Daniela Young","db_id":"2"}]
[2026-02-06 17:23:56] Top matches: [{"dist":0.3104532454301342,"employee_id":"EMP047","fullname":"Ethan Bailey","db_id":"7"},{"dist":0.4223501233255892,"employee_id":"EMP013","fullname":"William Scott","db_id":"5"},{"dist":0.5389180782439535,"employee_id":"EMP010","fullname":"Amy Clark","db_id":"3"},{"dist":0.6051673310811471,"employee_id":"EMP004","fullname":"Emily Davis","db_id":"1"},{"dist":0.615610218475741,"employee_id":"EMP007","fullname":"David Martinez","db_id":"4"},{"dist":0.6208499862249218,"employee_id":"EMP015","fullname":"Daniela Young","db_id":"2"}]
[2026-02-06 17:24:19] Top matches: [{"dist":0.32846596626372315,"employee_id":"EMP047","fullname":"Ethan Bailey","db_id":"7"},{"dist":0.41219484936190953,"employee_id":"EMP013","fullname":"William Scott","db_id":"5"},{"dist":0.5180413817458323,"employee_id":"EMP010","fullname":"Amy Clark","db_id":"3"},{"dist":0.5858304843456178,"employee_id":"EMP004","fullname":"Emily Davis","db_id":"1"},{"dist":0.5871831779211101,"employee_id":"EMP007","fullname":"David Martinez","db_id":"4"},{"dist":0.5943373617185457,"employee_id":"EMP015","fullname":"Daniela Young","db_id":"2"}]
[2026-02-06 17:38:01] Top matches: [{"dist":0.32989942342828316,"employee_id":"EMP047","fullname":"Ethan Bailey","db_id":"7"},{"dist":0.4134626182148426,"employee_id":"EMP013","fullname":"William Scott","db_id":"5"},{"dist":0.5194091619249043,"employee_id":"EMP010","fullname":"Amy Clark","db_id":"3"},{"dist":0.5909515457644889,"employee_id":"EMP004","fullname":"Emily Davis","db_id":"1"},{"dist":0.6058672619447026,"employee_id":"EMP015","fullname":"Daniela Young","db_id":"2"},{"dist":0.6136560237515297,"employee_id":"EMP007","fullname":"David Martinez","db_id":"4"}]
[2026-02-06 18:05:50] Top matches: [{"dist":0.24467570268168215,"employee_id":"EMP047","fullname":"Ethan Bailey","db_id":"7"},{"dist":0.5445899597622356,"employee_id":"EMP010","fullname":"Amy Clark","db_id":"3"},{"dist":0.5628683253894937,"employee_id":"EMP013","fullname":"William Scott","db_id":"5"},{"dist":0.5973123115444756,"employee_id":"EMP004","fullname":"Emily Davis","db_id":"1"},{"dist":0.6004249540836073,"employee_id":"EMP015","fullname":"Daniela Young","db_id":"2"},{"dist":0.6226552975342221,"employee_id":"EMP007","fullname":"David Martinez","db_id":"4"}]
[2026-02-06 18:05:56] Top matches: [{"dist":0.24828726083392458,"employee_id":"EMP047","fullname":"Ethan Bailey","db_id":"7"},{"dist":0.5335248036569076,"employee_id":"EMP010","fullname":"Amy Clark","db_id":"3"},{"dist":0.5797162681920897,"employee_id":"EMP004","fullname":"Emily Davis","db_id":"1"},{"dist":0.5964174917933096,"employee_id":"EMP013","fullname":"William Scott","db_id":"5"},{"dist":0.6088872362346635,"employee_id":"EMP015","fullname":"Daniela Young","db_id":"2"},{"dist":0.6211108745039602,"employee_id":"EMP007","fullname":"David Martinez","db_id":"4"}]
[2026-02-06 18:06:10] Top matches: [{"dist":0.22447714233262284,"employee_id":"EMP047","fullname":"Ethan Bailey","db_id":"7"},{"dist":0.5044799249226806,"employee_id":"EMP010","fullname":"Amy Clark","db_id":"3"},{"dist":0.5478305012769137,"employee_id":"EMP004","fullname":"Emily Davis","db_id":"1"},{"dist":0.5584346107145545,"employee_id":"EMP013","fullname":"William Scott","db_id":"5"},{"dist":0.595906862718842,"employee_id":"EMP015","fullname":"Daniela Young","db_id":"2"},{"dist":0.6048510449626775,"employee_id":"EMP007","fullname":"David Martinez","db_id":"4"}]
[2026-02-06 18:08:47] Top matches: [{"dist":0.26764350195479353,"employee_id":"EMP047","fullname":"Ethan Bailey","db_id":"7"},{"dist":0.5096519177137786,"employee_id":"EMP010","fullname":"Amy Clark","db_id":"3"},{"dist":0.5709383507053689,"employee_id":"EMP004","fullname":"Emily Davis","db_id":"1"},{"dist":0.5857766475833514,"employee_id":"EMP013","fullname":"William Scott","db_id":"5"},{"dist":0.5998610596128049,"employee_id":"EMP015","fullname":"Daniela Young","db_id":"2"},{"dist":0.6071704135131645,"employee_id":"EMP007","fullname":"David Martinez","db_id":"4"}]
[2026-02-06 18:08:59] Top matches: [{"dist":0.2524119033092508,"employee_id":"EMP047","fullname":"Ethan Bailey","db_id":"7"},{"dist":0.539101458475838,"employee_id":"EMP010","fullname":"Amy Clark","db_id":"3"},{"dist":0.5707955040650433,"employee_id":"EMP013","fullname":"William Scott","db_id":"5"},{"dist":0.5729383669978965,"employee_id":"EMP004","fullname":"Emily Davis","db_id":"1"},{"dist":0.598505897754297,"employee_id":"EMP015","fullname":"Daniela Young","db_id":"2"},{"dist":0.6074793060342993,"employee_id":"EMP007","fullname":"David Martinez","db_id":"4"}]
[2026-02-06 18:13:24] Top matches: [{"dist":0.23162119277643645,"employee_id":"EMP047","fullname":"Ethan Bailey","db_id":7},{"dist":0.518562814368602,"employee_id":"EMP010","fullname":"Amy Clark","db_id":3},{"dist":0.5633297854128839,"employee_id":"EMP013","fullname":"William Scott","db_id":5},{"dist":0.5828138149515119,"employee_id":"EMP004","fullname":"Emily Davis","db_id":1},{"dist":0.6198015349037741,"employee_id":"EMP007","fullname":"David Martinez","db_id":4},{"dist":0.6279702612363826,"employee_id":"EMP015","fullname":"Daniela Young","db_id":2}]
[2026-02-06 18:14:46] Top matches: [{"dist":0.24682081176082382,"employee_id":"EMP047","fullname":"Ethan Bailey","db_id":7},{"dist":0.5273932122137855,"employee_id":"EMP010","fullname":"Amy Clark","db_id":3},{"dist":0.5612933914223865,"employee_id":"EMP013","fullname":"William Scott","db_id":5},{"dist":0.5761703436688108,"employee_id":"EMP007","fullname":"David Martinez","db_id":4},{"dist":0.5834753984102302,"employee_id":"EMP004","fullname":"Emily Davis","db_id":1},{"dist":0.5970819534006166,"employee_id":"EMP015","fullname":"Daniela Young","db_id":2}]
[2026-02-06 18:14:58] Top matches: [{"dist":0.23081035227068522,"employee_id":"EMP047","fullname":"Ethan Bailey","db_id":7},{"dist":0.5182905063597248,"employee_id":"EMP010","fullname":"Amy Clark","db_id":3},{"dist":0.5647788915326477,"employee_id":"EMP004","fullname":"Emily Davis","db_id":1},{"dist":0.5706074835484144,"employee_id":"EMP013","fullname":"William Scott","db_id":5},{"dist":0.591758547759053,"employee_id":"EMP007","fullname":"David Martinez","db_id":4},{"dist":0.592287302441755,"employee_id":"EMP015","fullname":"Daniela Young","db_id":2}]
[2026-02-06 18:24:37] Top matches: [{"dist":0.261018190192368,"employee_id":"EMP047","fullname":"Ethan Bailey","db_id":7},{"dist":0.5277204654226516,"employee_id":"EMP010","fullname":"Amy Clark","db_id":3},{"dist":0.5669974650748761,"employee_id":"EMP013","fullname":"William Scott","db_id":5},{"dist":0.5755258239585141,"employee_id":"EMP015","fullname":"Daniela Young","db_id":2},{"dist":0.5922007616275271,"employee_id":"EMP007","fullname":"David Martinez","db_id":4},{"dist":0.6006704130868294,"employee_id":"EMP004","fullname":"Emily Davis","db_id":1}]
[2026-02-06 18:24:37] No shift found for employee EMP047 (db 7) on 2026-02-06
[2026-02-06 18:25:04] Top matches: [{"dist":0.34107735213536056,"employee_id":"EMP015","fullname":"Daniela Young","db_id":2},{"dist":0.5901242760285862,"employee_id":"EMP013","fullname":"William Scott","db_id":5},{"dist":0.601665949452296,"employee_id":"EMP007","fullname":"David Martinez","db_id":4},{"dist":0.6604447890686936,"employee_id":"EMP047","fullname":"Ethan Bailey","db_id":7},{"dist":0.6917697391155038,"employee_id":"EMP004","fullname":"Emily Davis","db_id":1},{"dist":0.7128576810692538,"employee_id":"EMP010","fullname":"Amy Clark","db_id":3}]
[2026-02-06 18:25:04] No shift found for employee EMP015 (db 2) on 2026-02-06
[2026-02-06 18:25:24] Top matches: [{"dist":0.2738661669783201,"employee_id":"EMP015","fullname":"Daniela Young","db_id":2},{"dist":0.5734702334250003,"employee_id":"EMP013","fullname":"William Scott","db_id":5},{"dist":0.6340171531733061,"employee_id":"EMP007","fullname":"David Martinez","db_id":4},{"dist":0.6517936287453346,"employee_id":"EMP047","fullname":"Ethan Bailey","db_id":7},{"dist":0.6622229299464779,"employee_id":"EMP004","fullname":"Emily Davis","db_id":1},{"dist":0.7015963467171159,"employee_id":"EMP010","fullname":"Amy Clark","db_id":3}]
[2026-02-06 18:25:24] No shift found for employee EMP015 (db 2) on 2026-02-06
[2026-02-06 18:37:57] Top matches: [{"dist":0.2961626351833463,"employee_id":"EMP047","fullname":"Ethan Bailey","db_id":7},{"dist":0.5501415233431367,"employee_id":"EMP010","fullname":"Amy Clark","db_id":3},{"dist":0.5643924135924625,"employee_id":"EMP015","fullname":"Daniela Young","db_id":2},{"dist":0.5762954379418449,"employee_id":"EMP013","fullname":"William Scott","db_id":5},{"dist":0.603880546519751,"employee_id":"EMP007","fullname":"David Martinez","db_id":4},{"dist":0.6168372334039199,"employee_id":"EMP004","fullname":"Emily Davis","db_id":1}]
[2026-02-06 18:37:57] No shift found for employee EMP047 (db 7) on 2026-02-06
[2026-02-06 18:42:36] Top matches: [{"dist":0.25493641454717103,"employee_id":"EMP047","fullname":"Ethan Bailey","db_id":7},{"dist":0.5382332985562736,"employee_id":"EMP010","fullname":"Amy Clark","db_id":3},{"dist":0.6056676795400624,"employee_id":"EMP013","fullname":"William Scott","db_id":5},{"dist":0.6250104518779601,"employee_id":"EMP015","fullname":"Daniela Young","db_id":2},{"dist":0.6338790079252119,"employee_id":"EMP004","fullname":"Emily Davis","db_id":1},{"dist":0.6409896373217074,"employee_id":"EMP007","fullname":"David Martinez","db_id":4}]
[2026-02-06 18:42:36] No shift found for employee EMP047 (db 7) on 2026-02-06
[2026-02-06 18:43:10] Top matches: [{"dist":0.27618109263860324,"employee_id":"EMP047","fullname":"Ethan Bailey","db_id":7},{"dist":0.517664170778804,"employee_id":"EMP010","fullname":"Amy Clark","db_id":3},{"dist":0.587739163469006,"employee_id":"EMP013","fullname":"William Scott","db_id":5},{"dist":0.6130007430981175,"employee_id":"EMP004","fullname":"Emily Davis","db_id":1},{"dist":0.6181985142885462,"employee_id":"EMP015","fullname":"Daniela Young","db_id":2},{"dist":0.6378143229463699,"employee_id":"EMP007","fullname":"David Martinez","db_id":4}]
[2026-02-06 18:43:10] No shift found for employee EMP047 (db 7) on 2026-02-06
[2026-02-06 18:51:17] Top matches: [{"dist":0.3277968235713991,"employee_id":"EMP013","fullname":"William Scott","db_id":5},{"dist":0.509846320395052,"employee_id":"EMP015","fullname":"Daniela Young","db_id":2},{"dist":0.5637474632855639,"employee_id":"EMP047","fullname":"Ethan Bailey","db_id":7},{"dist":0.638330449848164,"employee_id":"EMP004","fullname":"Emily Davis","db_id":1},{"dist":0.6389152533667954,"employee_id":"EMP007","fullname":"David Martinez","db_id":4},{"dist":0.6564443894244288,"employee_id":"EMP010","fullname":"Amy Clark","db_id":3}]
[2026-02-06 18:51:17] No shift found for employee EMP013 (db 5) on 2026-02-06
[2026-02-06 18:57:56] Top matches: [{"dist":0.2591126729926696,"employee_id":"EMP047","fullname":"Ethan Bailey","db_id":7},{"dist":0.503684116800994,"employee_id":"EMP010","fullname":"Amy Clark","db_id":3},{"dist":0.562092895493287,"employee_id":"EMP004","fullname":"Emily Davis","db_id":1},{"dist":0.5794534797367087,"employee_id":"EMP013","fullname":"William Scott","db_id":5},{"dist":0.5917614937522658,"employee_id":"EMP007","fullname":"David Martinez","db_id":4},{"dist":0.616457131656182,"employee_id":"EMP015","fullname":"Daniela Young","db_id":2}]
[2026-02-06 18:57:56] No shift found for employee EMP047 (db 7) on 2026-02-06
[2026-02-06 19:01:57] Top matches: [{"dist":0.29176605424657737,"employee_id":"EMP047","fullname":"Ethan Bailey","db_id":7},{"dist":0.5109269033747578,"employee_id":"EMP010","fullname":"Amy Clark","db_id":3},{"dist":0.5972555165589635,"employee_id":"EMP004","fullname":"Emily Davis","db_id":1},{"dist":0.6093237505398026,"employee_id":"EMP013","fullname":"William Scott","db_id":5},{"dist":0.64677470404141,"employee_id":"EMP015","fullname":"Daniela Young","db_id":2},{"dist":0.6510510655192597,"employee_id":"EMP007","fullname":"David Martinez","db_id":4}]
[2026-02-06 19:01:57] No shift found for employee EMP047 (db 7) on 2026-02-06
[2026-02-06 19:02:40] Top matches: [{"dist":0.2972148778586986,"employee_id":"EMP047","fullname":"Ethan Bailey","db_id":7},{"dist":0.49769303214792504,"employee_id":"EMP010","fullname":"Amy Clark","db_id":3},{"dist":0.5806178428035447,"employee_id":"EMP004","fullname":"Emily Davis","db_id":1},{"dist":0.609073577836889,"employee_id":"EMP013","fullname":"William Scott","db_id":5},{"dist":0.6259818895297588,"employee_id":"EMP007","fullname":"David Martinez","db_id":4},{"dist":0.6428431325870685,"employee_id":"EMP015","fullname":"Daniela Young","db_id":2}]
[2026-02-06 19:03:24] Top matches: [{"dist":0.31730261004288873,"employee_id":"EMP015","fullname":"Daniela Young","db_id":2},{"dist":0.6205111460688443,"employee_id":"EMP013","fullname":"William Scott","db_id":5},{"dist":0.6341524339609802,"employee_id":"EMP007","fullname":"David Martinez","db_id":4},{"dist":0.6350942021629286,"employee_id":"EMP004","fullname":"Emily Davis","db_id":1},{"dist":0.6660173491427767,"employee_id":"EMP047","fullname":"Ethan Bailey","db_id":7},{"dist":0.7465851701176691,"employee_id":"EMP010","fullname":"Amy Clark","db_id":3}]
[2026-02-06 19:03:24] No shift found for employee EMP015 (db 2) on 2026-02-06
[2026-02-06 19:04:06] Top matches: [{"dist":0.24073225839396042,"employee_id":"EMP015","fullname":"Daniela Young","db_id":2},{"dist":0.5806910594567596,"employee_id":"EMP013","fullname":"William Scott","db_id":5},{"dist":0.6150051891577256,"employee_id":"EMP047","fullname":"Ethan Bailey","db_id":7},{"dist":0.61962038061552,"employee_id":"EMP007","fullname":"David Martinez","db_id":4},{"dist":0.6557373641591403,"employee_id":"EMP004","fullname":"Emily Davis","db_id":1},{"dist":0.704562296423952,"employee_id":"EMP010","fullname":"Amy Clark","db_id":3}]
[2026-02-06 19:05:00] Top matches: [{"dist":0.2626403310085108,"employee_id":"EMP047","fullname":"Ethan Bailey","db_id":7},{"dist":0.49431913459497767,"employee_id":"EMP010","fullname":"Amy Clark","db_id":3},{"dist":0.5574214009180254,"employee_id":"EMP013","fullname":"William Scott","db_id":5},{"dist":0.5729200673295397,"employee_id":"EMP004","fullname":"Emily Davis","db_id":1},{"dist":0.584561357958808,"employee_id":"EMP007","fullname":"David Martinez","db_id":4},{"dist":0.5970630335487559,"employee_id":"EMP015","fullname":"Daniela Young","db_id":2}]
[2026-02-06 19:05:03] Top matches: [{"dist":0.24153653185614185,"employee_id":"EMP047","fullname":"Ethan Bailey","db_id":7},{"dist":0.5041465766189502,"employee_id":"EMP010","fullname":"Amy Clark","db_id":3},{"dist":0.568308271582508,"employee_id":"EMP004","fullname":"Emily Davis","db_id":1},{"dist":0.571980342857372,"employee_id":"EMP013","fullname":"William Scott","db_id":5},{"dist":0.6030895027645063,"employee_id":"EMP007","fullname":"David Martinez","db_id":4},{"dist":0.6118634289710119,"employee_id":"EMP015","fullname":"Daniela Young","db_id":2}]
[2026-02-06 19:45:39] Top matches: [{"dist":0.2906955146109003,"employee_id":"EMP047","fullname":"Ethan Bailey","db_id":7},{"dist":0.5474010304000552,"employee_id":"EMP010","fullname":"Amy Clark","db_id":3},{"dist":0.5982300511868865,"employee_id":"EMP013","fullname":"William Scott","db_id":5},{"dist":0.6105564703732956,"employee_id":"EMP004","fullname":"Emily Davis","db_id":1},{"dist":0.6158544225680593,"employee_id":"EMP007","fullname":"David Martinez","db_id":4},{"dist":0.6459104245236008,"employee_id":"EMP015","fullname":"Daniela Young","db_id":2}]
[2026-02-06 19:45:51] Top matches: [{"dist":0.43996432510687516,"employee_id":"EMP013","fullname":"William Scott","db_id":5},{"dist":0.5297580375114894,"employee_id":"EMP004","fullname":"Emily Davis","db_id":1},{"dist":0.5667504705812052,"employee_id":"EMP015","fullname":"Daniela Young","db_id":2},{"dist":0.5960157916878033,"employee_id":"EMP007","fullname":"David Martinez","db_id":4},{"dist":0.6063634907345737,"employee_id":"EMP047","fullname":"Ethan Bailey","db_id":7},{"dist":0.6141793204419527,"employee_id":"EMP010","fullname":"Amy Clark","db_id":3}]
[2026-02-06 19:46:44] Top matches: [{"dist":0.3496885165906098,"employee_id":"EMP015","fullname":"Daniela Young","db_id":2},{"dist":0.6081544679181063,"employee_id":"EMP013","fullname":"William Scott","db_id":5},{"dist":0.624587826845509,"employee_id":"EMP007","fullname":"David Martinez","db_id":4},{"dist":0.635151841146293,"employee_id":"EMP047","fullname":"Ethan Bailey","db_id":7},{"dist":0.6921847137192843,"employee_id":"EMP004","fullname":"Emily Davis","db_id":1},{"dist":0.7395298511309757,"employee_id":"EMP010","fullname":"Amy Clark","db_id":3}]
[2026-02-06 19:47:11] Top matches: [{"dist":0.48677296752540195,"employee_id":"EMP015","fullname":"Daniela Young","db_id":2},{"dist":0.5493740830077528,"employee_id":"EMP047","fullname":"Ethan Bailey","db_id":7},{"dist":0.5662805462538678,"employee_id":"EMP007","fullname":"David Martinez","db_id":4},{"dist":0.5742993816695564,"employee_id":"EMP004","fullname":"Emily Davis","db_id":1},{"dist":0.5880058335352035,"employee_id":"EMP013","fullname":"William Scott","db_id":5},{"dist":0.614721419873143,"employee_id":"EMP010","fullname":"Amy Clark","db_id":3}]
[2026-02-06 19:47:11] Ambiguous match best=EMP015 dist=0.4867729675254 second=0.54937408300775
[2026-02-06 19:47:23] Top matches: [{"dist":0.4573140979857583,"employee_id":"EMP015","fullname":"Daniela Young","db_id":2},{"dist":0.5413916644289705,"employee_id":"EMP047","fullname":"Ethan Bailey","db_id":7},{"dist":0.5723403539290852,"employee_id":"EMP013","fullname":"William Scott","db_id":5},{"dist":0.6097689888251413,"employee_id":"EMP004","fullname":"Emily Davis","db_id":1},{"dist":0.6656942795042399,"employee_id":"EMP007","fullname":"David Martinez","db_id":4},{"dist":0.689947344922487,"employee_id":"EMP010","fullname":"Amy Clark","db_id":3}]
[2026-02-06 19:47:32] Top matches: [{"dist":0.3585588402994012,"employee_id":"EMP015","fullname":"Daniela Young","db_id":2},{"dist":0.572329631607002,"employee_id":"EMP047","fullname":"Ethan Bailey","db_id":7},{"dist":0.5731409987802945,"employee_id":"EMP013","fullname":"William Scott","db_id":5},{"dist":0.6211946851196981,"employee_id":"EMP007","fullname":"David Martinez","db_id":4},{"dist":0.6575947825587343,"employee_id":"EMP004","fullname":"Emily Davis","db_id":1},{"dist":0.7269113865682779,"employee_id":"EMP010","fullname":"Amy Clark","db_id":3}]
[2026-02-06 19:47:59] Top matches: [{"dist":0.3100034710178666,"employee_id":"EMP013","fullname":"William Scott","db_id":5},{"dist":0.5307873930979757,"employee_id":"EMP047","fullname":"Ethan Bailey","db_id":7},{"dist":0.577824815922129,"employee_id":"EMP015","fullname":"Daniela Young","db_id":2},{"dist":0.5997923540368498,"employee_id":"EMP004","fullname":"Emily Davis","db_id":1},{"dist":0.626387234515456,"employee_id":"EMP010","fullname":"Amy Clark","db_id":3},{"dist":0.6436786525919027,"employee_id":"EMP007","fullname":"David Martinez","db_id":4}]
[2026-02-06 19:48:32] Top matches: [{"dist":0.5270988994363563,"employee_id":"EMP004","fullname":"Emily Davis","db_id":1},{"dist":0.5954825757854555,"employee_id":"EMP047","fullname":"Ethan Bailey","db_id":7},{"dist":0.605505631622273,"employee_id":"EMP013","fullname":"William Scott","db_id":5},{"dist":0.623861809810621,"employee_id":"EMP015","fullname":"Daniela Young","db_id":2},{"dist":0.6278351279161452,"employee_id":"EMP007","fullname":"David Martinez","db_id":4},{"dist":0.6456433025062763,"employee_id":"EMP010","fullname":"Amy Clark","db_id":3}]
[2026-02-06 19:48:32] Ambiguous match best=EMP004 dist=0.52709889943636 second=0.59548257578546
[2026-02-06 19:48:36] Top matches: [{"dist":0.4465544301407464,"employee_id":"EMP013","fullname":"William Scott","db_id":5},{"dist":0.5262331776976175,"employee_id":"EMP047","fullname":"Ethan Bailey","db_id":7},{"dist":0.5752038826131283,"employee_id":"EMP004","fullname":"Emily Davis","db_id":1},{"dist":0.6051341886034525,"employee_id":"EMP010","fullname":"Amy Clark","db_id":3},{"dist":0.6129367875953871,"employee_id":"EMP015","fullname":"Daniela Young","db_id":2},{"dist":0.6585735677058892,"employee_id":"EMP007","fullname":"David Martinez","db_id":4}]
[2026-02-06 19:48:36] Ambiguous match best=EMP013 dist=0.44655443014075 second=0.52623317769762
[2026-02-06 19:48:39] Top matches: [{"dist":0.3785126916773999,"employee_id":"EMP013","fullname":"William Scott","db_id":5},{"dist":0.5677709112450914,"employee_id":"EMP047","fullname":"Ethan Bailey","db_id":7},{"dist":0.5761663030417926,"employee_id":"EMP004","fullname":"Emily Davis","db_id":1},{"dist":0.5874197644243021,"employee_id":"EMP015","fullname":"Daniela Young","db_id":2},{"dist":0.615402010092382,"employee_id":"EMP010","fullname":"Amy Clark","db_id":3},{"dist":0.6600389612806234,"employee_id":"EMP007","fullname":"David Martinez","db_id":4}]
[2026-02-07 08:22:22] Top matches: [{"dist":0.2726704645640473,"employee_id":"EMP047","fullname":"Ethan Bailey","db_id":7},{"dist":0.520949625073926,"employee_id":"EMP010","fullname":"Amy Clark","db_id":3},{"dist":0.5710275108204557,"employee_id":"EMP004","fullname":"Emily Davis","db_id":1},{"dist":0.5718713496898572,"employee_id":"EMP013","fullname":"William Scott","db_id":5},{"dist":0.5919056901739738,"employee_id":"EMP007","fullname":"David Martinez","db_id":4},{"dist":0.5988012557456988,"employee_id":"EMP015","fullname":"Daniela Young","db_id":2}]
[2026-02-07 08:22:41] Top matches: [{"dist":0.24479645810306944,"employee_id":"EMP015","fullname":"Daniela Young","db_id":2},{"dist":0.6099668416070868,"employee_id":"EMP013","fullname":"William Scott","db_id":5},{"dist":0.6594999246422981,"employee_id":"EMP047","fullname":"Ethan Bailey","db_id":7},{"dist":0.6741018077965485,"employee_id":"EMP007","fullname":"David Martinez","db_id":4},{"dist":0.7114561254720181,"employee_id":"EMP004","fullname":"Emily Davis","db_id":1},{"dist":0.7734446555168935,"employee_id":"EMP010","fullname":"Amy Clark","db_id":3}]
[2026-02-07 09:09:07] Top matches: [{"dist":0.2519738216960526,"employee_id":"EMP047","fullname":"Ethan Bailey","db_id":7},{"dist":0.5098875756071736,"employee_id":"EMP010","fullname":"Amy Clark","db_id":3},{"dist":0.5661882242597414,"employee_id":"EMP004","fullname":"Emily Davis","db_id":1},{"dist":0.5740053708842279,"employee_id":"EMP013","fullname":"William Scott","db_id":5},{"dist":0.5840862407640632,"employee_id":"EMP015","fullname":"Daniela Young","db_id":2},{"dist":0.5970355507375806,"employee_id":"EMP007","fullname":"David Martinez","db_id":4}]
[2026-02-07 09:09:27] Top matches: [{"dist":0.28044619273735166,"employee_id":"EMP047","fullname":"Ethan Bailey","db_id":7},{"dist":0.5229408964808404,"employee_id":"EMP010","fullname":"Amy Clark","db_id":3},{"dist":0.550135207535031,"employee_id":"EMP004","fullname":"Emily Davis","db_id":1},{"dist":0.5951159268618326,"employee_id":"EMP007","fullname":"David Martinez","db_id":4},{"dist":0.5973112394144269,"employee_id":"EMP013","fullname":"William Scott","db_id":5},{"dist":0.6051042819071057,"employee_id":"EMP015","fullname":"Daniela Young","db_id":2}]
[2026-02-07 09:10:44] Top matches: [{"dist":0.2997255099519359,"employee_id":"EMP047","fullname":"Ethan Bailey","db_id":7},{"dist":0.5403217334307243,"employee_id":"EMP010","fullname":"Amy Clark","db_id":3},{"dist":0.5657744533162313,"employee_id":"EMP004","fullname":"Emily Davis","db_id":1},{"dist":0.5852568003832062,"employee_id":"EMP007","fullname":"David Martinez","db_id":4},{"dist":0.5906597032988369,"employee_id":"EMP013","fullname":"William Scott","db_id":5},{"dist":0.6324478682167975,"employee_id":"EMP015","fullname":"Daniela Young","db_id":2}]
[2026-02-07 09:10:52] Top matches: [{"dist":0.25006627789492075,"employee_id":"EMP047","fullname":"Ethan Bailey","db_id":7},{"dist":0.5316057095716415,"employee_id":"EMP010","fullname":"Amy Clark","db_id":3},{"dist":0.5581699194216706,"employee_id":"EMP004","fullname":"Emily Davis","db_id":1},{"dist":0.5853356015282493,"employee_id":"EMP013","fullname":"William Scott","db_id":5},{"dist":0.6200853366837081,"employee_id":"EMP007","fullname":"David Martinez","db_id":4},{"dist":0.6260309695255274,"employee_id":"EMP015","fullname":"Daniela Young","db_id":2}]
[2026-02-07 09:11:06] Top matches: [{"dist":0.25006627789492075,"employee_id":"EMP047","fullname":"Ethan Bailey","db_id":7},{"dist":0.5316057095716415,"employee_id":"EMP010","fullname":"Amy Clark","db_id":3},{"dist":0.5581699194216706,"employee_id":"EMP004","fullname":"Emily Davis","db_id":1},{"dist":0.5853356015282493,"employee_id":"EMP013","fullname":"William Scott","db_id":5},{"dist":0.6200853366837081,"employee_id":"EMP007","fullname":"David Martinez","db_id":4},{"dist":0.6260309695255274,"employee_id":"EMP015","fullname":"Daniela Young","db_id":2}]
[2026-02-07 09:11:17] Top matches: [{"dist":0.26323949523333323,"employee_id":"EMP047","fullname":"Ethan Bailey","db_id":7},{"dist":0.5149293258187577,"employee_id":"EMP010","fullname":"Amy Clark","db_id":3},{"dist":0.578228222331227,"employee_id":"EMP004","fullname":"Emily Davis","db_id":1},{"dist":0.5940042930911178,"employee_id":"EMP015","fullname":"Daniela Young","db_id":2},{"dist":0.597895247712159,"employee_id":"EMP013","fullname":"William Scott","db_id":5},{"dist":0.6079840594549474,"employee_id":"EMP007","fullname":"David Martinez","db_id":4}]
[2026-02-07 09:11:20] Top matches: [{"dist":0.2564273364376685,"employee_id":"EMP047","fullname":"Ethan Bailey","db_id":7},{"dist":0.5089454054865405,"employee_id":"EMP010","fullname":"Amy Clark","db_id":3},{"dist":0.5726711876402208,"employee_id":"EMP004","fullname":"Emily Davis","db_id":1},{"dist":0.6040498492405261,"employee_id":"EMP013","fullname":"William Scott","db_id":5},{"dist":0.606837551929945,"employee_id":"EMP007","fullname":"David Martinez","db_id":4},{"dist":0.6207242872238594,"employee_id":"EMP015","fullname":"Daniela Young","db_id":2}]
[2026-02-07 09:11:24] Top matches: [{"dist":0.2564273364376685,"employee_id":"EMP047","fullname":"Ethan Bailey","db_id":7},{"dist":0.5089454054865405,"employee_id":"EMP010","fullname":"Amy Clark","db_id":3},{"dist":0.5726711876402208,"employee_id":"EMP004","fullname":"Emily Davis","db_id":1},{"dist":0.6040498492405261,"employee_id":"EMP013","fullname":"William Scott","db_id":5},{"dist":0.606837551929945,"employee_id":"EMP007","fullname":"David Martinez","db_id":4},{"dist":0.6207242872238594,"employee_id":"EMP015","fullname":"Daniela Young","db_id":2}]
[2026-02-07 09:19:39] Top matches: [{"dist":0.3001729644913657,"employee_id":"EMP047","fullname":"Ethan Bailey","db_id":7},{"dist":0.510360440746341,"employee_id":"EMP010","fullname":"Amy Clark","db_id":3},{"dist":0.5644536375585212,"employee_id":"EMP013","fullname":"William Scott","db_id":5},{"dist":0.5688297975125121,"employee_id":"EMP007","fullname":"David Martinez","db_id":4},{"dist":0.5772662692787713,"employee_id":"EMP004","fullname":"Emily Davis","db_id":1},{"dist":0.612381517464754,"employee_id":"EMP015","fullname":"Daniela Young","db_id":2}]
[2026-02-07 09:19:39] Employee EMP047 has approved leave on 2026-02-07
[2026-02-07 09:24:27] Top matches: [{"dist":0.3627902440462771,"employee_id":"EMP042","fullname":"Lily Reed","db_id":6},{"dist":0.5968580799159564,"employee_id":"EMP010","fullname":"Amy Clark","db_id":3},{"dist":0.6251082959568555,"employee_id":"EMP007","fullname":"David Martinez","db_id":4},{"dist":0.6389466465133268,"employee_id":"EMP013","fullname":"William Scott","db_id":5},{"dist":0.6536875757599462,"employee_id":"EMP047","fullname":"Ethan Bailey","db_id":7},{"dist":0.6862279444281925,"employee_id":"EMP004","fullname":"Emily Davis","db_id":1}]
[2026-02-07 09:24:27] No shift found for employee EMP042 (db 6) on 2026-02-07
[2026-02-07 09:24:28] Top matches: [{"dist":0.3410520723392448,"employee_id":"EMP042","fullname":"Lily Reed","db_id":6},{"dist":0.5672637707745994,"employee_id":"EMP010","fullname":"Amy Clark","db_id":3},{"dist":0.5887322970973476,"employee_id":"EMP007","fullname":"David Martinez","db_id":4},{"dist":0.6090710554394111,"employee_id":"EMP047","fullname":"Ethan Bailey","db_id":7},{"dist":0.627114408931818,"employee_id":"EMP004","fullname":"Emily Davis","db_id":1},{"dist":0.6575073061691894,"employee_id":"EMP013","fullname":"William Scott","db_id":5}]
[2026-02-07 09:24:28] No shift found for employee EMP042 (db 6) on 2026-02-07
[2026-02-07 09:24:28] Top matches: [{"dist":0.3364563666442534,"employee_id":"EMP042","fullname":"Lily Reed","db_id":6},{"dist":0.5638378784687458,"employee_id":"EMP010","fullname":"Amy Clark","db_id":3},{"dist":0.5785029400107179,"employee_id":"EMP007","fullname":"David Martinez","db_id":4},{"dist":0.6098031870953418,"employee_id":"EMP047","fullname":"Ethan Bailey","db_id":7},{"dist":0.6270485204978327,"employee_id":"EMP004","fullname":"Emily Davis","db_id":1},{"dist":0.6622450190297747,"employee_id":"EMP013","fullname":"William Scott","db_id":5}]
[2026-02-07 09:24:28] No shift found for employee EMP042 (db 6) on 2026-02-07
[2026-02-07 09:24:28] Top matches: [{"dist":0.3332981908874192,"employee_id":"EMP042","fullname":"Lily Reed","db_id":6},{"dist":0.5642268849330492,"employee_id":"EMP010","fullname":"Amy Clark","db_id":3},{"dist":0.5818121313169909,"employee_id":"EMP007","fullname":"David Martinez","db_id":4},{"dist":0.6218894006718826,"employee_id":"EMP047","fullname":"Ethan Bailey","db_id":7},{"dist":0.6356380736215631,"employee_id":"EMP004","fullname":"Emily Davis","db_id":1},{"dist":0.6696669257279171,"employee_id":"EMP013","fullname":"William Scott","db_id":5}]
[2026-02-07 09:24:28] No shift found for employee EMP042 (db 6) on 2026-02-07
[2026-02-07 09:24:28] Top matches: [{"dist":0.3332981908874192,"employee_id":"EMP042","fullname":"Lily Reed","db_id":6},{"dist":0.5642268849330492,"employee_id":"EMP010","fullname":"Amy Clark","db_id":3},{"dist":0.5818121313169909,"employee_id":"EMP007","fullname":"David Martinez","db_id":4},{"dist":0.6218894006718826,"employee_id":"EMP047","fullname":"Ethan Bailey","db_id":7},{"dist":0.6356380736215631,"employee_id":"EMP004","fullname":"Emily Davis","db_id":1},{"dist":0.6696669257279171,"employee_id":"EMP013","fullname":"William Scott","db_id":5}]
[2026-02-07 09:24:28] No shift found for employee EMP042 (db 6) on 2026-02-07
[2026-02-07 09:24:56] Top matches: [{"dist":0.32081147432490054,"employee_id":"EMP042","fullname":"Lily Reed","db_id":6},{"dist":0.514629787903572,"employee_id":"EMP010","fullname":"Amy Clark","db_id":3},{"dist":0.5696285215013088,"employee_id":"EMP007","fullname":"David Martinez","db_id":4},{"dist":0.5752543421627987,"employee_id":"EMP004","fullname":"Emily Davis","db_id":1},{"dist":0.5762978350643181,"employee_id":"EMP013","fullname":"William Scott","db_id":5},{"dist":0.5855058270998967,"employee_id":"EMP047","fullname":"Ethan Bailey","db_id":7}]
[2026-02-07 09:27:22] Top matches: [{"dist":0.6402995215852169,"employee_id":"EMP004","fullname":"Emily Davis","db_id":1},{"dist":0.6457520045332422,"employee_id":"EMP047","fullname":"Ethan Bailey","db_id":7},{"dist":0.6778798800686274,"employee_id":"EMP013","fullname":"William Scott","db_id":5},{"dist":0.6863575805533819,"employee_id":"EMP010","fullname":"Amy Clark","db_id":3},{"dist":0.7108231689450163,"employee_id":"EMP015","fullname":"Daniela Young","db_id":2},{"dist":0.7200783030306944,"employee_id":"EMP007","fullname":"David Martinez","db_id":4}]
[2026-02-07 09:27:22] Low confidence best=EMP004 dist=0.64029952158522
[2026-02-07 09:27:29] Top matches: [{"dist":0.3841415728629243,"employee_id":"EMP042","fullname":"Lily Reed","db_id":6},{"dist":0.542419835017324,"employee_id":"EMP010","fullname":"Amy Clark","db_id":3},{"dist":0.5775300254520458,"employee_id":"EMP047","fullname":"Ethan Bailey","db_id":7},{"dist":0.5854671425633229,"employee_id":"EMP007","fullname":"David Martinez","db_id":4},{"dist":0.6237753858924574,"employee_id":"EMP004","fullname":"Emily Davis","db_id":1},{"dist":0.6266546111202445,"employee_id":"EMP013","fullname":"William Scott","db_id":5}]
[2026-02-07 09:27:39] Top matches: [{"dist":0.3841415728629243,"employee_id":"EMP042","fullname":"Lily Reed","db_id":6},{"dist":0.542419835017324,"employee_id":"EMP010","fullname":"Amy Clark","db_id":3},{"dist":0.5775300254520458,"employee_id":"EMP047","fullname":"Ethan Bailey","db_id":7},{"dist":0.5854671425633229,"employee_id":"EMP007","fullname":"David Martinez","db_id":4},{"dist":0.6237753858924574,"employee_id":"EMP004","fullname":"Emily Davis","db_id":1},{"dist":0.6266546111202445,"employee_id":"EMP013","fullname":"William Scott","db_id":5}]
[2026-02-07 09:27:45] Top matches: [{"dist":0.3631528719786911,"employee_id":"EMP042","fullname":"Lily Reed","db_id":6},{"dist":0.5105869081269112,"employee_id":"EMP010","fullname":"Amy Clark","db_id":3},{"dist":0.560994274559696,"employee_id":"EMP013","fullname":"William Scott","db_id":5},{"dist":0.5781814023666011,"employee_id":"EMP047","fullname":"Ethan Bailey","db_id":7},{"dist":0.584494830304212,"employee_id":"EMP007","fullname":"David Martinez","db_id":4},{"dist":0.588085001447381,"employee_id":"EMP004","fullname":"Emily Davis","db_id":1}]
[2026-02-07 09:27:45] Duplicate clock attempt: Employee EMP042 already has complete time in/out on 2026-02-07
[2026-02-07 09:27:47] Top matches: [{"dist":0.33147863715487813,"employee_id":"EMP042","fullname":"Lily Reed","db_id":6},{"dist":0.5658800275813188,"employee_id":"EMP010","fullname":"Amy Clark","db_id":3},{"dist":0.5973747975726613,"employee_id":"EMP007","fullname":"David Martinez","db_id":4},{"dist":0.6132558022500131,"employee_id":"EMP004","fullname":"Emily Davis","db_id":1},{"dist":0.6149386622554127,"employee_id":"EMP013","fullname":"William Scott","db_id":5},{"dist":0.6255425278469154,"employee_id":"EMP047","fullname":"Ethan Bailey","db_id":7}]
[2026-02-07 09:27:47] Duplicate clock attempt: Employee EMP042 already has complete time in/out on 2026-02-07
[2026-02-07 09:30:00] Top matches: [{"dist":0.27626786692422306,"employee_id":"EMP047","fullname":"Ethan Bailey","db_id":7},{"dist":0.5192722984330463,"employee_id":"EMP010","fullname":"Amy Clark","db_id":3},{"dist":0.5448174243082075,"employee_id":"EMP042","fullname":"Lily Reed","db_id":6},{"dist":0.5463901559340417,"employee_id":"EMP004","fullname":"Emily Davis","db_id":1},{"dist":0.5631333052440262,"employee_id":"EMP013","fullname":"William Scott","db_id":5},{"dist":0.5794043024107741,"employee_id":"EMP015","fullname":"Daniela Young","db_id":2}]
[2026-02-07 09:30:00] Employee EMP047 has approved leave on 2026-02-07
[2026-02-07 09:42:24] Top matches: [{"dist":0.22699381262565818,"employee_id":"EMP047","fullname":"Ethan Bailey","db_id":7},{"dist":0.543592046713926,"employee_id":"EMP010","fullname":"Amy Clark","db_id":3},{"dist":0.593112536577669,"employee_id":"EMP004","fullname":"Emily Davis","db_id":1},{"dist":0.5953187866453618,"employee_id":"EMP042","fullname":"Lily Reed","db_id":6},{"dist":0.5959509110021983,"employee_id":"EMP013","fullname":"William Scott","db_id":5},{"dist":0.6131595525263935,"employee_id":"EMP015","fullname":"Daniela Young","db_id":2}]
[2026-02-07 09:42:24] Employee EMP047 has approved leave on 2026-02-07
[2026-02-07 09:43:22] Top matches: [{"dist":0.3097633614876826,"employee_id":"EMP015","fullname":"Daniela Young","db_id":2},{"dist":0.5487996051488165,"employee_id":"EMP013","fullname":"William Scott","db_id":5},{"dist":0.5948218335151525,"employee_id":"EMP047","fullname":"Ethan Bailey","db_id":7},{"dist":0.6113365351246927,"employee_id":"EMP004","fullname":"Emily Davis","db_id":1},{"dist":0.6386556757556061,"employee_id":"EMP007","fullname":"David Martinez","db_id":4},{"dist":0.7134366495902196,"employee_id":"EMP042","fullname":"Lily Reed","db_id":6}]
[2026-02-07 09:43:22] Duplicate clock attempt: Employee EMP015 already has complete time in/out on 2026-02-06
[2026-02-07 20:19:41] Top matches: [{"dist":0.24985272818698803,"employee_id":"EMP047","fullname":"Ethan Bailey","db_id":7},{"dist":0.5068505919846242,"employee_id":"EMP010","fullname":"Amy Clark","db_id":3},{"dist":0.5235992985995933,"employee_id":"EMP042","fullname":"Lily Reed","db_id":6},{"dist":0.5706948521048597,"employee_id":"EMP004","fullname":"Emily Davis","db_id":1},{"dist":0.5880087491315229,"employee_id":"EMP013","fullname":"William Scott","db_id":5},{"dist":0.607933534343546,"employee_id":"EMP007","fullname":"David Martinez","db_id":4}]
[2026-02-07 20:19:41] Employee EMP047 has approved leave on 2026-02-07
[2026-02-08 05:00:30] Top matches: [{"dist":0.6538311437543214,"employee_id":"EMP013","fullname":"William Scott","db_id":5},{"dist":0.6785354337453502,"employee_id":"EMP007","fullname":"David Martinez","db_id":4},{"dist":0.6960142836866281,"employee_id":"EMP004","fullname":"Emily Davis","db_id":1},{"dist":0.7093487484907055,"employee_id":"EMP015","fullname":"Daniela Young","db_id":2},{"dist":0.7226655242945981,"employee_id":"EMP047","fullname":"Ethan Bailey","db_id":7},{"dist":0.727028404049118,"employee_id":"EMP010","fullname":"Amy Clark","db_id":3}]
[2026-02-08 05:00:30] Low confidence best=EMP013 dist=0.65383114375432
[2026-02-08 05:01:34] Top matches: [{"dist":0.3585792941966143,"employee_id":"EMP047","fullname":"Ethan Bailey","db_id":7},{"dist":0.4580078500526261,"employee_id":"EMP010","fullname":"Amy Clark","db_id":3},{"dist":0.48655789582118536,"employee_id":"EMP004","fullname":"Emily Davis","db_id":1},{"dist":0.5097705417814872,"employee_id":"EMP042","fullname":"Lily Reed","db_id":6},{"dist":0.5547899022275261,"employee_id":"EMP013","fullname":"William Scott","db_id":5},{"dist":0.583624883521348,"employee_id":"EMP007","fullname":"David Martinez","db_id":4}]
[2026-02-08 05:01:34] No shift found for employee EMP047 (db 7) on 2026-02-08
[2026-02-08 05:08:10] Top matches: [{"dist":0.32108959334500853,"employee_id":"EMP047","fullname":"Ethan Bailey","db_id":7},{"dist":0.5032469641002153,"employee_id":"EMP010","fullname":"Amy Clark","db_id":3},{"dist":0.5322752752673591,"employee_id":"EMP042","fullname":"Lily Reed","db_id":6},{"dist":0.5334906624425562,"employee_id":"EMP013","fullname":"William Scott","db_id":5},{"dist":0.5361390002042865,"employee_id":"EMP004","fullname":"Emily Davis","db_id":1},{"dist":0.584758217903589,"employee_id":"EMP007","fullname":"David Martinez","db_id":4}]
[2026-02-08 05:08:10] No shift found for employee EMP047 (db 7) on 2026-02-08
[2026-02-08 05:08:17] Top matches: [{"dist":0.3969023937312765,"employee_id":"EMP042","fullname":"Lily Reed","db_id":6},{"dist":0.524163142935315,"employee_id":"EMP010","fullname":"Amy Clark","db_id":3},{"dist":0.5441448161450593,"employee_id":"EMP007","fullname":"David Martinez","db_id":4},{"dist":0.6340620890601637,"employee_id":"EMP004","fullname":"Emily Davis","db_id":1},{"dist":0.6516459265614692,"employee_id":"EMP015","fullname":"Daniela Young","db_id":2},{"dist":0.6523425407091766,"employee_id":"EMP047","fullname":"Ethan Bailey","db_id":7}]
[2026-02-08 05:08:17] No shift found for employee EMP042 (db 6) on 2026-02-08
[2026-02-09 13:05:49] Top matches: [{"dist":0.4324213126317062,"employee_id":"EMP047","fullname":"Ethan Bailey","db_id":7},{"dist":0.5163236550047082,"employee_id":"EMP042","fullname":"Lily Reed","db_id":6},{"dist":0.54587971082308,"employee_id":"EMP013","fullname":"William Scott","db_id":5},{"dist":0.554596210106982,"employee_id":"EMP007","fullname":"David Martinez","db_id":4},{"dist":0.5713350121824169,"employee_id":"EMP010","fullname":"Amy Clark","db_id":3},{"dist":0.5743098264250258,"employee_id":"EMP004","fullname":"Emily Davis","db_id":1}]
[2026-02-09 13:05:49] No shift found for employee EMP047 (db 7) on 2026-02-09
[2026-02-09 13:40:17] Top matches: [{"dist":0.33540650321647636,"employee_id":"EMP047","fullname":"Ethan Bailey","db_id":7},{"dist":0.5328773761568525,"employee_id":"EMP042","fullname":"Lily Reed","db_id":6},{"dist":0.5627569970319628,"employee_id":"EMP010","fullname":"Amy Clark","db_id":3},{"dist":0.5664959016501137,"employee_id":"EMP015","fullname":"Daniela Young","db_id":2},{"dist":0.5675080224176988,"employee_id":"EMP013","fullname":"William Scott","db_id":5},{"dist":0.586730846559613,"employee_id":"EMP007","fullname":"David Martinez","db_id":4}]
[2026-02-09 13:40:17] No shift found for employee EMP047 (db 7) on 2026-02-09
[2026-02-09 13:40:58] Top matches: [{"dist":0.3342582578858496,"employee_id":"EMP047","fullname":"Ethan Bailey","db_id":7},{"dist":0.5346142071718921,"employee_id":"EMP015","fullname":"Daniela Young","db_id":2},{"dist":0.5656561077154711,"employee_id":"EMP013","fullname":"William Scott","db_id":5},{"dist":0.5941621628790801,"employee_id":"EMP042","fullname":"Lily Reed","db_id":6},{"dist":0.6003575192001077,"employee_id":"EMP007","fullname":"David Martinez","db_id":4},{"dist":0.6026252498652889,"employee_id":"EMP010","fullname":"Amy Clark","db_id":3}]
[2026-02-09 13:40:58] Employee EMP047 has approved leave on 2026-02-09
